EjemploFicherosExternos/build/outputs/logs/manifest-merger-debug-report.txt
-- Merging decision tree log ---
manifest
ADDED from PMDM/EjemploFicherosExternos/AndroidManifest.xml:2:1-30:12
INJECTED from PMDM/EjemploFicherosExternos/AndroidManifest.xml:2:1-30:12
INJECTED from PMDM/EjemploFicherosExternos/AndroidManifest.xml:2:1-30:12
INJECTED from PMDM/EjemploFicherosExternos/AndroidManifest.xml:2:1-30:12
INJECTED from PMDM/EjemploFicherosExternos/AndroidManifest.xml:2:1-30:12
	package
		ADDED from PMDM/EjemploFicherosExternos/AndroidManifest.xml:3:5-50
	android:versionName
		ADDED from PMDM/EjemploFicherosExternos/AndroidManifest.xml:5:5-30
		INJECTED from PMDM/EjemploFicherosExternos/AndroidManifest.xml
		INJECTED from PMDM/EjemploFicherosExternos/AndroidManifest.xml
	xmlns:android
		ADDED from PMDM/EjemploFicherosExternos/AndroidManifest.xml:2:11-69
	android:versionCode
		ADDED from PMDM/EjemploFicherosExternos/AndroidManifest.xml:4:5-28
		INJECTED from PMDM/EjemploFicherosExternos/AndroidManifest.xml
		INJECTED from PMDM/EjemploFicherosExternos/AndroidManifest.xml
uses-sdk
ADDED from PMDM/EjemploFicherosExternos/AndroidManifest.xml:7:5-9:41
	android:targetSdkVersion
		ADDED from PMDM/EjemploFicherosExternos/AndroidManifest.xml:9:9-38
	android:minSdkVersion
		ADDED from PMDM/EjemploFicherosExternos/AndroidManifest.xml:8:9-34
uses-permission#android.permission.WRITE_EXTERNAL_STORAGE
ADDED from PMDM/EjemploFicherosExternos/AndroidManifest.xml:11:5-12:23
	android:name
		ADDED from PMDM/EjemploFicherosExternos/AndroidManifest.xml:11:22-78
application
ADDED from PMDM/EjemploFicherosExternos/AndroidManifest.xml:14:5-28:19
	android:label
		ADDED from PMDM/EjemploFicherosExternos/AndroidManifest.xml:17:9-41
	android:icon
		ADDED from PMDM/EjemploFicherosExternos/AndroidManifest.xml:16:9-45
	android:allowBackup
		ADDED from PMDM/EjemploFicherosExternos/AndroidManifest.xml:15:9-35
	android:theme
		ADDED from PMDM/EjemploFicherosExternos/AndroidManifest.xml:18:9-40
activity#com.example.ejemploficherosexternos.MainActivity
ADDED from PMDM/EjemploFicherosExternos/AndroidManifest.xml:19:9-27:20
	android:label
		ADDED from PMDM/EjemploFicherosExternos/AndroidManifest.xml:21:13-45
	android:name
		ADDED from PMDM/EjemploFicherosExternos/AndroidManifest.xml:20:13-76
intent-filter#android.intent.action.MAIN+android.intent.category.LAUNCHER
ADDED from PMDM/EjemploFicherosExternos/AndroidManifest.xml:22:13-26:29
action#android.intent.action.MAIN
ADDED from PMDM/EjemploFicherosExternos/AndroidManifest.xml:23:17-69
	android:name
		ADDED from PMDM/EjemploFicherosExternos/AndroidManifest.xml:23:25-66
category#android.intent.category.LAUNCHER
ADDED from PMDM/EjemploFicherosExternos/AndroidManifest.xml:25:17-77
	android:name
		ADDED from PMDM/EjemploFicherosExternos/AndroidManifest.xml:25:27-74